Arguments: 
  C:\Program Files\nodejs\node.exe C:\Users\Admin\.node\corepack\yarn\1.22.15\bin\yarn.js init

PATH: 
  C:\Users\Admin\bin;E:\Git\mingw64\bin;E:\Git\usr\local\bin;E:\Git\usr\bin;E:\Git\usr\bin;E:\Git\mingw64\bin;E:\Git\usr\bin;C:\Users\Admin\bin;C:\Users\Admin\AppData\Local\Programs\Python\Python310\Scripts;C:\Users\Admin\AppData\Local\Programs\Python\Python310;C:\ProgramData\Oracle\Java\javapath;C:\Windows\system32;C:\Windows;C:\Windows\System32\Wbem;C:\Windows\System32\WindowsPowerShell\v1.0;C:\Windows\System32\OpenSSH;C:\Program Files (x86)\NVIDIA Corporation\PhysX\Common;C:\Program Files\NVIDIA Corporation\NVIDIA NvDLISR;C:\WINDOWS\system32;C:\WINDOWS;C:\WINDOWS\System32\Wbem;C:\WINDOWS\System32\WindowsPowerShell\v1.0;C:\WINDOWS\System32\OpenSSH;E:\Git\cmd;C:\Program Files\Docker\Docker\resources\bin;C:\ProgramData\DockerDesktop\version-bin;C:\Users\Admin\AppData\Local\Programs\Python\Python310;C:\Program Files\nodejs;C:\ProgramData\chocolatey\bin;C:\Users\Admin\AppData\Local\Microsoft\WindowsApps;E:\Microsoft VS Code\bin;C:\Users\Admin\AppData\Local\Android\Sdk\platform-tools;C:\Users\Admin\AppData\Roaming\npm;E:\Git\usr\bin\vendor_perl;E:\Git\usr\bin\core_perl

Yarn version: 
  1.22.15

Node version: 
  16.14.2

Platform: 
  win32 x64

Trace: 
  Error: Can't answer a question unless a user TTY
      at ConsoleReporter.question (C:\Users\Admin\.node\corepack\yarn\1.22.15\lib\cli.js:92859:59)
      at Object.<anonymous> (C:\Users\Admin\.node\corepack\yarn\1.22.15\lib\cli.js:85049:38)
      at Generator.next (<anonymous>)
      at step (C:\Users\Admin\.node\corepack\yarn\1.22.15\lib\cli.js:310:30)
      at C:\Users\Admin\.node\corepack\yarn\1.22.15\lib\cli.js:321:13

npm manifest: 
  No manifest

yarn manifest: 
  No manifest

Lockfile: 
  No lockfile
